<?xml version="1.0" encoding="UTF-8"?>
<robot generator="Robot 4.1.3 (Python 3.10.2 on win32)" generated="20220211 16:37:57.120" rpa="false" schemaversion="2">
<suite id="s1" name="Robot Framework" source="C:\Users\user\Desktop\robot_framework">
<suite id="s1-s1" name="Login Suite" source="C:\Users\user\Desktop\robot_framework\login_suite">
<suite id="s1-s1-s1" name="Verify Valid Credential Suite" source="C:\Users\user\Desktop\robot_framework\login_suite\verify_valid_credential_suite.robot">
<test id="s1-s1-s1-t1" name="TC1">
<kw name="Launch Browser" library="common_functionality" type="SETUP">
<kw name="Open Browser" library="SeleniumLibrary">
<arg>browser=edge</arg>
<arg>executable_path=${EXECDIR}${/}drivers${/}msedgedriver.exe</arg>
<doc>Opens a new browser instance to the optional ``url``.</doc>
<msg timestamp="20220211 16:38:00.383" level="INFO">Opening browser 'edge' to base url 'None'.</msg>
<status status="PASS" starttime="20220211 16:38:00.382" endtime="20220211 16:39:05.598"/>
</kw>
<kw name="Maximize Browser Window" library="SeleniumLibrary">
<doc>Maximizes current browser window.</doc>
<status status="PASS" starttime="20220211 16:39:05.599" endtime="20220211 16:39:06.277"/>
</kw>
<kw name="Set Selenium Implicit Wait" library="SeleniumLibrary">
<arg>20s</arg>
<doc>Sets the implicit wait value used by Selenium.</doc>
<status status="PASS" starttime="20220211 16:39:06.278" endtime="20220211 16:39:06.331"/>
</kw>
<kw name="Go To" library="SeleniumLibrary">
<arg>url=https://demo.openemr.io/b/openemr</arg>
<doc>Navigates the current browser window to the provided ``url``.</doc>
<msg timestamp="20220211 16:39:06.332" level="INFO">Opening url 'https://demo.openemr.io/b/openemr'</msg>
<status status="PASS" starttime="20220211 16:39:06.331" endtime="20220211 16:39:27.409"/>
</kw>
<status status="PASS" starttime="20220211 16:38:00.380" endtime="20220211 16:39:27.410"/>
</kw>
<kw name="Verify Valid Credentials Template">
<arg>admin</arg>
<arg>pass</arg>
<arg>English (Indian)</arg>
<arg>OpenEMR</arg>
<kw name="Input Text" library="SeleniumLibrary">
<arg>id=authUser</arg>
<arg>${username}</arg>
<doc>Types the given ``text`` into the text field identified by ``locator``.</doc>
<msg timestamp="20220211 16:39:27.414" level="INFO">Typing text 'admin' into text field 'id=authUser'.</msg>
<status status="PASS" starttime="20220211 16:39:27.412" endtime="20220211 16:39:28.573"/>
</kw>
<kw name="Input Password" library="SeleniumLibrary">
<arg>id=clearPass</arg>
<arg>${password}</arg>
<doc>Types the given password into the text field identified by ``locator``.</doc>
<msg timestamp="20220211 16:39:28.574" level="INFO">Typing password into text field 'id=clearPass'.</msg>
<msg timestamp="20220211 16:39:28.717" level="INFO">Temporally setting log level to: NONE</msg>
<msg timestamp="20220211 16:39:28.908" level="INFO">Log level changed from NONE to INFO.</msg>
<status status="PASS" starttime="20220211 16:39:28.573" endtime="20220211 16:39:28.908"/>
</kw>
<kw name="Select From List By Label" library="SeleniumLibrary">
<arg>name=languageChoice</arg>
<arg>${language}</arg>
<doc>Selects options from selection list ``locator`` by ``labels``.</doc>
<msg timestamp="20220211 16:39:28.910" level="INFO">Selecting options from selection list 'name=languageChoice' by label English (Indian).</msg>
<status status="PASS" starttime="20220211 16:39:28.909" endtime="20220211 16:39:29.220"/>
</kw>
<kw name="Click Element" library="SeleniumLibrary">
<arg>xpath=//button[@type='submit']</arg>
<doc>Click the element identified by ``locator``.</doc>
<msg timestamp="20220211 16:39:29.221" level="INFO">Clicking element 'xpath=//button[@type='submit']'.</msg>
<status status="PASS" starttime="20220211 16:39:29.220" endtime="20220211 16:39:57.270"/>
</kw>
<kw name="Title Should Be" library="SeleniumLibrary">
<arg>${expected_title}</arg>
<doc>Verifies that the current page title equals ``title``.</doc>
<msg timestamp="20220211 16:39:57.293" level="INFO">Page title is 'OpenEMR'.</msg>
<status status="PASS" starttime="20220211 16:39:57.271" endtime="20220211 16:39:57.293"/>
</kw>
<status status="PASS" starttime="20220211 16:39:27.410" endtime="20220211 16:39:57.294"/>
</kw>
<kw name="End Browser" library="common_functionality" type="TEARDOWN">
<kw name="Capture Page Screenshot" library="SeleniumLibrary">
<doc>Takes a screenshot of the current page and embeds it into a log file.</doc>
<msg timestamp="20220211 16:40:35.983" level="INFO" html="true">&lt;/td&gt;&lt;/tr&gt;&lt;tr&gt;&lt;td colspan="3"&gt;&lt;a href="selenium-screenshot-5.png"&gt;&lt;img src="selenium-screenshot-5.png" width="800px"&gt;&lt;/a&gt;</msg>
<status status="PASS" starttime="20220211 16:39:57.297" endtime="20220211 16:40:35.984"/>
</kw>
<kw name="Close Browser" library="SeleniumLibrary">
<doc>Closes the current browser.</doc>
<status status="PASS" starttime="20220211 16:40:35.984" endtime="20220211 16:40:46.322"/>
</kw>
<status status="PASS" starttime="20220211 16:39:57.295" endtime="20220211 16:40:46.322"/>
</kw>
<status status="PASS" starttime="20220211 16:38:00.378" endtime="20220211 16:40:46.323"/>
</test>
<test id="s1-s1-s1-t2" name="TC2">
<kw name="Launch Browser" library="common_functionality" type="SETUP">
<kw name="Open Browser" library="SeleniumLibrary">
<arg>browser=edge</arg>
<arg>executable_path=${EXECDIR}${/}drivers${/}msedgedriver.exe</arg>
<doc>Opens a new browser instance to the optional ``url``.</doc>
<msg timestamp="20220211 16:40:46.330" level="INFO">Opening browser 'edge' to base url 'None'.</msg>
<status status="PASS" starttime="20220211 16:40:46.328" endtime="20220211 16:41:03.389"/>
</kw>
<kw name="Maximize Browser Window" library="SeleniumLibrary">
<doc>Maximizes current browser window.</doc>
<status status="PASS" starttime="20220211 16:41:03.389" endtime="20220211 16:41:03.990"/>
</kw>
<kw name="Set Selenium Implicit Wait" library="SeleniumLibrary">
<arg>20s</arg>
<doc>Sets the implicit wait value used by Selenium.</doc>
<status status="PASS" starttime="20220211 16:41:03.991" endtime="20220211 16:41:03.996"/>
</kw>
<kw name="Go To" library="SeleniumLibrary">
<arg>url=https://demo.openemr.io/b/openemr</arg>
<doc>Navigates the current browser window to the provided ``url``.</doc>
<msg timestamp="20220211 16:41:03.997" level="INFO">Opening url 'https://demo.openemr.io/b/openemr'</msg>
<status status="PASS" starttime="20220211 16:41:03.996" endtime="20220211 16:41:11.667"/>
</kw>
<status status="PASS" starttime="20220211 16:40:46.326" endtime="20220211 16:41:11.667"/>
</kw>
<kw name="Verify Valid Credentials Template">
<arg>physician</arg>
<arg>physician</arg>
<arg>English (Indian)</arg>
<arg>OpenEMR</arg>
<kw name="Input Text" library="SeleniumLibrary">
<arg>id=authUser</arg>
<arg>${username}</arg>
<doc>Types the given ``text`` into the text field identified by ``locator``.</doc>
<msg timestamp="20220211 16:41:11.669" level="INFO">Typing text 'physician' into text field 'id=authUser'.</msg>
<status status="PASS" starttime="20220211 16:41:11.669" endtime="20220211 16:41:11.837"/>
</kw>
<kw name="Input Password" library="SeleniumLibrary">
<arg>id=clearPass</arg>
<arg>${password}</arg>
<doc>Types the given password into the text field identified by ``locator``.</doc>
<msg timestamp="20220211 16:41:11.838" level="INFO">Typing password into text field 'id=clearPass'.</msg>
<msg timestamp="20220211 16:41:11.950" level="INFO">Temporally setting log level to: NONE</msg>
<msg timestamp="20220211 16:41:12.069" level="INFO">Log level changed from NONE to INFO.</msg>
<status status="PASS" starttime="20220211 16:41:11.837" endtime="20220211 16:41:12.069"/>
</kw>
<kw name="Select From List By Label" library="SeleniumLibrary">
<arg>name=languageChoice</arg>
<arg>${language}</arg>
<doc>Selects options from selection list ``locator`` by ``labels``.</doc>
<msg timestamp="20220211 16:41:12.071" level="INFO">Selecting options from selection list 'name=languageChoice' by label English (Indian).</msg>
<status status="PASS" starttime="20220211 16:41:12.070" endtime="20220211 16:41:12.258"/>
</kw>
<kw name="Click Element" library="SeleniumLibrary">
<arg>xpath=//button[@type='submit']</arg>
<doc>Click the element identified by ``locator``.</doc>
<msg timestamp="20220211 16:41:12.276" level="INFO">Clicking element 'xpath=//button[@type='submit']'.</msg>
<status status="PASS" starttime="20220211 16:41:12.275" endtime="20220211 16:41:17.136"/>
</kw>
<kw name="Title Should Be" library="SeleniumLibrary">
<arg>${expected_title}</arg>
<doc>Verifies that the current page title equals ``title``.</doc>
<msg timestamp="20220211 16:41:17.149" level="INFO">Page title is 'OpenEMR'.</msg>
<status status="PASS" starttime="20220211 16:41:17.136" endtime="20220211 16:41:17.149"/>
</kw>
<status status="PASS" starttime="20220211 16:41:11.667" endtime="20220211 16:41:17.149"/>
</kw>
<kw name="End Browser" library="common_functionality" type="TEARDOWN">
<kw name="Capture Page Screenshot" library="SeleniumLibrary">
<doc>Takes a screenshot of the current page and embeds it into a log file.</doc>
<msg timestamp="20220211 16:41:24.772" level="INFO" html="true">&lt;/td&gt;&lt;/tr&gt;&lt;tr&gt;&lt;td colspan="3"&gt;&lt;a href="selenium-screenshot-6.png"&gt;&lt;img src="selenium-screenshot-6.png" width="800px"&gt;&lt;/a&gt;</msg>
<status status="PASS" starttime="20220211 16:41:17.150" endtime="20220211 16:41:24.772"/>
</kw>
<kw name="Close Browser" library="SeleniumLibrary">
<doc>Closes the current browser.</doc>
<status status="PASS" starttime="20220211 16:41:24.772" endtime="20220211 16:41:29.765"/>
</kw>
<status status="PASS" starttime="20220211 16:41:17.150" endtime="20220211 16:41:29.766"/>
</kw>
<status status="PASS" starttime="20220211 16:40:46.325" endtime="20220211 16:41:29.766"/>
</test>
<doc>This suit file handles all the test case related to the
valid credentials</doc>
<status status="PASS" starttime="20220211 16:37:57.364" endtime="20220211 16:41:29.770"/>
</suite>
<status status="PASS" starttime="20220211 16:37:57.354" endtime="20220211 16:41:29.793"/>
</suite>
<status status="PASS" starttime="20220211 16:37:57.128" endtime="20220211 16:41:29.799"/>
</suite>
<statistics>
<total>
<stat pass="2" fail="0" skip="0">All Tests</stat>
</total>
<tag>
</tag>
<suite>
<stat pass="2" fail="0" skip="0" id="s1" name="Robot Framework">Robot Framework</stat>
<stat pass="2" fail="0" skip="0" id="s1-s1" name="Login Suite">Robot Framework.Login Suite</stat>
<stat pass="2" fail="0" skip="0" id="s1-s1-s1" name="Verify Valid Credential Suite">Robot Framework.Login Suite.Verify Valid Credential Suite</stat>
</suite>
</statistics>
<errors>
</errors>
</robot>
