<?xml version="1.0" encoding="UTF-8"?>
<robot generator="Robot 4.1.3 (Python 3.10.2 on win32)" generated="20220212 15:37:13.878" rpa="false" schemaversion="2">
<suite id="s1" name="Robot Framework" source="C:\Users\user\Desktop\robot_framework">
<suite id="s1-s1" name="Login Suite" source="C:\Users\user\Desktop\robot_framework\login_suite">
<suite id="s1-s1-s1" name="Verify Invalid Credential Suite" source="C:\Users\user\Desktop\robot_framework\login_suite\verify_invalid_credential_suite.robot">
<test id="s1-s1-s1-t1" name="TC1">
<kw name="Launch Browser" library="common_functionality" type="SETUP">
<kw name="Set Local Variable" library="BuiltIn">
<arg>${driver_path}</arg>
<arg>msedgedriver.exe</arg>
<doc>Makes a variable available everywhere within the local scope.</doc>
<msg timestamp="20220212 15:37:14.218" level="INFO">${driver_path} = msedgedriver.exe</msg>
<status status="PASS" starttime="20220212 15:37:14.217" endtime="20220212 15:37:14.218"/>
</kw>
<if>
<branch type="IF" condition="'${BROWSER_NAME}' == 'firefox'">
<kw name="Set Local Variable" library="BuiltIn">
<arg>${driver_path}</arg>
<arg>geckodriver</arg>
<doc>Makes a variable available everywhere within the local scope.</doc>
<status status="NOT RUN" starttime="20220212 15:37:14.218" endtime="20220212 15:37:14.218"/>
</kw>
<status status="NOT RUN" starttime="20220212 15:37:14.218" endtime="20220212 15:37:14.218"/>
</branch>
<branch type="ELSE IF" condition="'${BROWSER_NAME}' == 'chrome'">
<kw name="Set Local Variable" library="BuiltIn">
<arg>${driver_path}</arg>
<arg>chromedriver</arg>
<doc>Makes a variable available everywhere within the local scope.</doc>
<status status="NOT RUN" starttime="20220212 15:37:14.219" endtime="20220212 15:37:14.219"/>
</kw>
<status status="NOT RUN" starttime="20220212 15:37:14.218" endtime="20220212 15:37:14.219"/>
</branch>
<branch type="ELSE IF" condition="'${BROWSER_NAME}' == 'safari'">
<kw name="Set Local Variable" library="BuiltIn">
<arg>${driver_path}</arg>
<arg>safaridriver</arg>
<doc>Makes a variable available everywhere within the local scope.</doc>
<status status="NOT RUN" starttime="20220212 15:37:14.219" endtime="20220212 15:37:14.219"/>
</kw>
<status status="NOT RUN" starttime="20220212 15:37:14.219" endtime="20220212 15:37:14.219"/>
</branch>
<status status="PASS" starttime="20220212 15:37:14.218" endtime="20220212 15:37:14.219"/>
</if>
<kw name="Open Browser" library="SeleniumLibrary">
<arg>browser=${BROWSER_NAME}</arg>
<arg>executable_path=${EXECDIR}${/}drivers${/}${driver_path}</arg>
<doc>Opens a new browser instance to the optional ``url``.</doc>
<msg timestamp="20220212 15:37:14.220" level="INFO">Opening browser 'edge' to base url 'None'.</msg>
<status status="PASS" starttime="20220212 15:37:14.219" endtime="20220212 15:37:16.032"/>
</kw>
<kw name="Maximize Browser Window" library="SeleniumLibrary">
<doc>Maximizes current browser window.</doc>
<status status="PASS" starttime="20220212 15:37:16.032" endtime="20220212 15:37:16.164"/>
</kw>
<kw name="Set Selenium Implicit Wait" library="SeleniumLibrary">
<arg>30s</arg>
<doc>Sets the implicit wait value used by Selenium.</doc>
<status status="PASS" starttime="20220212 15:37:16.164" endtime="20220212 15:37:16.167"/>
</kw>
<kw name="Set Screenshot Directory" library="SeleniumLibrary">
<arg>${EXECDIR}${/}screenshot</arg>
<doc>Sets the directory for captured screenshots.</doc>
<status status="PASS" starttime="20220212 15:37:16.167" endtime="20220212 15:37:16.168"/>
</kw>
<kw name="Go To" library="SeleniumLibrary">
<arg>url=${URL}</arg>
<doc>Navigates the current browser window to the provided ``url``.</doc>
<msg timestamp="20220212 15:37:16.169" level="INFO">Opening url 'https://demo.openemr.io/b/openemr'</msg>
<status status="PASS" starttime="20220212 15:37:16.168" endtime="20220212 15:37:24.534"/>
</kw>
<status status="PASS" starttime="20220212 15:37:14.217" endtime="20220212 15:37:24.535"/>
</kw>
<kw name="Verify Invalid Credential Template">
<arg>John</arg>
<arg>john123</arg>
<arg>Dutch</arg>
<arg>Invalid username or password</arg>
<kw name="Input Text" library="SeleniumLibrary">
<arg>id=authUser</arg>
<arg>${username}</arg>
<doc>Types the given ``text`` into the text field identified by ``locator``.</doc>
<msg timestamp="20220212 15:37:24.538" level="INFO">Typing text 'John' into text field 'id=authUser'.</msg>
<status status="PASS" starttime="20220212 15:37:24.537" endtime="20220212 15:37:24.922"/>
</kw>
<kw name="Input Password" library="SeleniumLibrary">
<arg>id=clearPass</arg>
<arg>${password}</arg>
<doc>Types the given password into the text field identified by ``locator``.</doc>
<msg timestamp="20220212 15:37:24.923" level="INFO">Typing password into text field 'id=clearPass'.</msg>
<msg timestamp="20220212 15:37:25.074" level="INFO">Temporally setting log level to: NONE</msg>
<msg timestamp="20220212 15:37:25.279" level="INFO">Log level changed from NONE to INFO.</msg>
<status status="PASS" starttime="20220212 15:37:24.922" endtime="20220212 15:37:25.279"/>
</kw>
<kw name="Select From List By Label" library="SeleniumLibrary">
<arg>name=languageChoice</arg>
<arg>${language}</arg>
<doc>Selects options from selection list ``locator`` by ``labels``.</doc>
<msg timestamp="20220212 15:37:25.280" level="INFO">Selecting options from selection list 'name=languageChoice' by label Dutch.</msg>
<status status="PASS" starttime="20220212 15:37:25.279" endtime="20220212 15:37:25.437"/>
</kw>
<kw name="Click Element" library="SeleniumLibrary">
<arg>xpath=//button[@type='submit']</arg>
<doc>Click the element identified by ``locator``.</doc>
<msg timestamp="20220212 15:37:25.438" level="INFO">Clicking element 'xpath=//button[@type='submit']'.</msg>
<status status="PASS" starttime="20220212 15:37:25.437" endtime="20220212 15:37:27.275"/>
</kw>
<kw name="Element Should Contain" library="SeleniumLibrary">
<arg>//div[contains(text(),'Invalid')]</arg>
<arg>${expected_error}</arg>
<doc>Verifies that element ``locator`` contains text ``expected``.</doc>
<msg timestamp="20220212 15:37:27.386" level="INFO">Element '//div[contains(text(),'Invalid')]' contains text 'Invalid username or password'.</msg>
<status status="PASS" starttime="20220212 15:37:27.276" endtime="20220212 15:37:27.386"/>
</kw>
<status status="PASS" starttime="20220212 15:37:24.535" endtime="20220212 15:37:27.388"/>
</kw>
<kw name="End Browser" library="common_functionality" type="TEARDOWN">
<kw name="Close Browser" library="SeleniumLibrary">
<doc>Closes the current browser.</doc>
<status status="PASS" starttime="20220212 15:37:27.391" endtime="20220212 15:37:29.740"/>
</kw>
<status status="PASS" starttime="20220212 15:37:27.389" endtime="20220212 15:37:29.740"/>
</kw>
<status status="PASS" starttime="20220212 15:37:14.216" endtime="20220212 15:37:29.741"/>
</test>
<test id="s1-s1-s1-t2" name="TC2">
<kw name="Launch Browser" library="common_functionality" type="SETUP">
<kw name="Set Local Variable" library="BuiltIn">
<arg>${driver_path}</arg>
<arg>msedgedriver.exe</arg>
<doc>Makes a variable available everywhere within the local scope.</doc>
<msg timestamp="20220212 15:37:29.748" level="INFO">${driver_path} = msedgedriver.exe</msg>
<status status="PASS" starttime="20220212 15:37:29.745" endtime="20220212 15:37:29.748"/>
</kw>
<if>
<branch type="IF" condition="'${BROWSER_NAME}' == 'firefox'">
<kw name="Set Local Variable" library="BuiltIn">
<arg>${driver_path}</arg>
<arg>geckodriver</arg>
<doc>Makes a variable available everywhere within the local scope.</doc>
<status status="NOT RUN" starttime="20220212 15:37:29.749" endtime="20220212 15:37:29.749"/>
</kw>
<status status="NOT RUN" starttime="20220212 15:37:29.749" endtime="20220212 15:37:29.749"/>
</branch>
<branch type="ELSE IF" condition="'${BROWSER_NAME}' == 'chrome'">
<kw name="Set Local Variable" library="BuiltIn">
<arg>${driver_path}</arg>
<arg>chromedriver</arg>
<doc>Makes a variable available everywhere within the local scope.</doc>
<status status="NOT RUN" starttime="20220212 15:37:29.750" endtime="20220212 15:37:29.750"/>
</kw>
<status status="NOT RUN" starttime="20220212 15:37:29.750" endtime="20220212 15:37:29.751"/>
</branch>
<branch type="ELSE IF" condition="'${BROWSER_NAME}' == 'safari'">
<kw name="Set Local Variable" library="BuiltIn">
<arg>${driver_path}</arg>
<arg>safaridriver</arg>
<doc>Makes a variable available everywhere within the local scope.</doc>
<status status="NOT RUN" starttime="20220212 15:37:29.751" endtime="20220212 15:37:29.752"/>
</kw>
<status status="NOT RUN" starttime="20220212 15:37:29.751" endtime="20220212 15:37:29.752"/>
</branch>
<status status="PASS" starttime="20220212 15:37:29.748" endtime="20220212 15:37:29.752"/>
</if>
<kw name="Open Browser" library="SeleniumLibrary">
<arg>browser=${BROWSER_NAME}</arg>
<arg>executable_path=${EXECDIR}${/}drivers${/}${driver_path}</arg>
<doc>Opens a new browser instance to the optional ``url``.</doc>
<msg timestamp="20220212 15:37:29.754" level="INFO">Opening browser 'edge' to base url 'None'.</msg>
<status status="PASS" starttime="20220212 15:37:29.752" endtime="20220212 15:37:31.485"/>
</kw>
<kw name="Maximize Browser Window" library="SeleniumLibrary">
<doc>Maximizes current browser window.</doc>
<status status="PASS" starttime="20220212 15:37:31.485" endtime="20220212 15:37:31.622"/>
</kw>
<kw name="Set Selenium Implicit Wait" library="SeleniumLibrary">
<arg>30s</arg>
<doc>Sets the implicit wait value used by Selenium.</doc>
<status status="PASS" starttime="20220212 15:37:31.623" endtime="20220212 15:37:31.624"/>
</kw>
<kw name="Set Screenshot Directory" library="SeleniumLibrary">
<arg>${EXECDIR}${/}screenshot</arg>
<doc>Sets the directory for captured screenshots.</doc>
<status status="PASS" starttime="20220212 15:37:31.624" endtime="20220212 15:37:31.626"/>
</kw>
<kw name="Go To" library="SeleniumLibrary">
<arg>url=${URL}</arg>
<doc>Navigates the current browser window to the provided ``url``.</doc>
<msg timestamp="20220212 15:37:31.627" level="INFO">Opening url 'https://demo.openemr.io/b/openemr'</msg>
<status status="PASS" starttime="20220212 15:37:31.626" endtime="20220212 15:37:40.148"/>
</kw>
<status status="PASS" starttime="20220212 15:37:29.744" endtime="20220212 15:37:40.150"/>
</kw>
<kw name="Verify Invalid Credential Template">
<arg>peter</arg>
<arg>peter123</arg>
<arg>Danish</arg>
<arg>Invalid username or password</arg>
<kw name="Input Text" library="SeleniumLibrary">
<arg>id=authUser</arg>
<arg>${username}</arg>
<doc>Types the given ``text`` into the text field identified by ``locator``.</doc>
<msg timestamp="20220212 15:37:40.155" level="INFO">Typing text 'peter' into text field 'id=authUser'.</msg>
<status status="PASS" starttime="20220212 15:37:40.153" endtime="20220212 15:37:40.337"/>
</kw>
<kw name="Input Password" library="SeleniumLibrary">
<arg>id=clearPass</arg>
<arg>${password}</arg>
<doc>Types the given password into the text field identified by ``locator``.</doc>
<msg timestamp="20220212 15:37:40.337" level="INFO">Typing password into text field 'id=clearPass'.</msg>
<msg timestamp="20220212 15:37:40.455" level="INFO">Temporally setting log level to: NONE</msg>
<msg timestamp="20220212 15:37:40.616" level="INFO">Log level changed from NONE to INFO.</msg>
<status status="PASS" starttime="20220212 15:37:40.337" endtime="20220212 15:37:40.617"/>
</kw>
<kw name="Select From List By Label" library="SeleniumLibrary">
<arg>name=languageChoice</arg>
<arg>${language}</arg>
<doc>Selects options from selection list ``locator`` by ``labels``.</doc>
<msg timestamp="20220212 15:37:40.618" level="INFO">Selecting options from selection list 'name=languageChoice' by label Danish.</msg>
<status status="PASS" starttime="20220212 15:37:40.617" endtime="20220212 15:37:40.828"/>
</kw>
<kw name="Click Element" library="SeleniumLibrary">
<arg>xpath=//button[@type='submit']</arg>
<doc>Click the element identified by ``locator``.</doc>
<msg timestamp="20220212 15:37:40.830" level="INFO">Clicking element 'xpath=//button[@type='submit']'.</msg>
<status status="PASS" starttime="20220212 15:37:40.829" endtime="20220212 15:37:42.603"/>
</kw>
<kw name="Element Should Contain" library="SeleniumLibrary">
<arg>//div[contains(text(),'Invalid')]</arg>
<arg>${expected_error}</arg>
<doc>Verifies that element ``locator`` contains text ``expected``.</doc>
<msg timestamp="20220212 15:37:42.641" level="INFO">Element '//div[contains(text(),'Invalid')]' contains text 'Invalid username or password'.</msg>
<status status="PASS" starttime="20220212 15:37:42.603" endtime="20220212 15:37:42.641"/>
</kw>
<status status="PASS" starttime="20220212 15:37:40.150" endtime="20220212 15:37:42.641"/>
</kw>
<kw name="End Browser" library="common_functionality" type="TEARDOWN">
<kw name="Close Browser" library="SeleniumLibrary">
<doc>Closes the current browser.</doc>
<status status="PASS" starttime="20220212 15:37:42.641" endtime="20220212 15:37:44.827"/>
</kw>
<status status="PASS" starttime="20220212 15:37:42.641" endtime="20220212 15:37:44.827"/>
</kw>
<status status="PASS" starttime="20220212 15:37:29.742" endtime="20220212 15:37:44.828"/>
</test>
<test id="s1-s1-s1-t3" name="TC3">
<kw name="Launch Browser" library="common_functionality" type="SETUP">
<kw name="Set Local Variable" library="BuiltIn">
<arg>${driver_path}</arg>
<arg>msedgedriver.exe</arg>
<doc>Makes a variable available everywhere within the local scope.</doc>
<msg timestamp="20220212 15:37:44.834" level="INFO">${driver_path} = msedgedriver.exe</msg>
<status status="PASS" starttime="20220212 15:37:44.832" endtime="20220212 15:37:44.835"/>
</kw>
<if>
<branch type="IF" condition="'${BROWSER_NAME}' == 'firefox'">
<kw name="Set Local Variable" library="BuiltIn">
<arg>${driver_path}</arg>
<arg>geckodriver</arg>
<doc>Makes a variable available everywhere within the local scope.</doc>
<status status="NOT RUN" starttime="20220212 15:37:44.836" endtime="20220212 15:37:44.836"/>
</kw>
<status status="NOT RUN" starttime="20220212 15:37:44.835" endtime="20220212 15:37:44.836"/>
</branch>
<branch type="ELSE IF" condition="'${BROWSER_NAME}' == 'chrome'">
<kw name="Set Local Variable" library="BuiltIn">
<arg>${driver_path}</arg>
<arg>chromedriver</arg>
<doc>Makes a variable available everywhere within the local scope.</doc>
<status status="NOT RUN" starttime="20220212 15:37:44.837" endtime="20220212 15:37:44.837"/>
</kw>
<status status="NOT RUN" starttime="20220212 15:37:44.836" endtime="20220212 15:37:44.837"/>
</branch>
<branch type="ELSE IF" condition="'${BROWSER_NAME}' == 'safari'">
<kw name="Set Local Variable" library="BuiltIn">
<arg>${driver_path}</arg>
<arg>safaridriver</arg>
<doc>Makes a variable available everywhere within the local scope.</doc>
<status status="NOT RUN" starttime="20220212 15:37:44.838" endtime="20220212 15:37:44.838"/>
</kw>
<status status="NOT RUN" starttime="20220212 15:37:44.838" endtime="20220212 15:37:44.838"/>
</branch>
<status status="PASS" starttime="20220212 15:37:44.835" endtime="20220212 15:37:44.839"/>
</if>
<kw name="Open Browser" library="SeleniumLibrary">
<arg>browser=${BROWSER_NAME}</arg>
<arg>executable_path=${EXECDIR}${/}drivers${/}${driver_path}</arg>
<doc>Opens a new browser instance to the optional ``url``.</doc>
<msg timestamp="20220212 15:37:44.841" level="INFO">Opening browser 'edge' to base url 'None'.</msg>
<status status="PASS" starttime="20220212 15:37:44.839" endtime="20220212 15:37:46.218"/>
</kw>
<kw name="Maximize Browser Window" library="SeleniumLibrary">
<doc>Maximizes current browser window.</doc>
<status status="PASS" starttime="20220212 15:37:46.218" endtime="20220212 15:37:46.357"/>
</kw>
<kw name="Set Selenium Implicit Wait" library="SeleniumLibrary">
<arg>30s</arg>
<doc>Sets the implicit wait value used by Selenium.</doc>
<status status="PASS" starttime="20220212 15:37:46.357" endtime="20220212 15:37:46.360"/>
</kw>
<kw name="Set Screenshot Directory" library="SeleniumLibrary">
<arg>${EXECDIR}${/}screenshot</arg>
<doc>Sets the directory for captured screenshots.</doc>
<status status="PASS" starttime="20220212 15:37:46.360" endtime="20220212 15:37:46.360"/>
</kw>
<kw name="Go To" library="SeleniumLibrary">
<arg>url=${URL}</arg>
<doc>Navigates the current browser window to the provided ``url``.</doc>
<msg timestamp="20220212 15:37:46.361" level="INFO">Opening url 'https://demo.openemr.io/b/openemr'</msg>
<status status="PASS" starttime="20220212 15:37:46.361" endtime="20220212 15:37:54.457"/>
</kw>
<status status="PASS" starttime="20220212 15:37:44.830" endtime="20220212 15:37:54.458"/>
</kw>
<kw name="Verify Invalid Credential Template">
<arg>${EMPTY}</arg>
<arg>peter123</arg>
<arg>Dutch</arg>
<arg>Invalid username or password</arg>
<kw name="Input Text" library="SeleniumLibrary">
<arg>id=authUser</arg>
<arg>${username}</arg>
<doc>Types the given ``text`` into the text field identified by ``locator``.</doc>
<msg timestamp="20220212 15:37:54.467" level="INFO">Typing text '' into text field 'id=authUser'.</msg>
<status status="PASS" starttime="20220212 15:37:54.465" endtime="20220212 15:37:54.666"/>
</kw>
<kw name="Input Password" library="SeleniumLibrary">
<arg>id=clearPass</arg>
<arg>${password}</arg>
<doc>Types the given password into the text field identified by ``locator``.</doc>
<msg timestamp="20220212 15:37:54.667" level="INFO">Typing password into text field 'id=clearPass'.</msg>
<msg timestamp="20220212 15:37:54.797" level="INFO">Temporally setting log level to: NONE</msg>
<msg timestamp="20220212 15:37:54.892" level="INFO">Log level changed from NONE to INFO.</msg>
<status status="PASS" starttime="20220212 15:37:54.666" endtime="20220212 15:37:54.893"/>
</kw>
<kw name="Select From List By Label" library="SeleniumLibrary">
<arg>name=languageChoice</arg>
<arg>${language}</arg>
<doc>Selects options from selection list ``locator`` by ``labels``.</doc>
<msg timestamp="20220212 15:37:54.894" level="INFO">Selecting options from selection list 'name=languageChoice' by label Dutch.</msg>
<status status="PASS" starttime="20220212 15:37:54.893" endtime="20220212 15:37:55.036"/>
</kw>
<kw name="Click Element" library="SeleniumLibrary">
<arg>xpath=//button[@type='submit']</arg>
<doc>Click the element identified by ``locator``.</doc>
<msg timestamp="20220212 15:37:55.037" level="INFO">Clicking element 'xpath=//button[@type='submit']'.</msg>
<status status="PASS" starttime="20220212 15:37:55.037" endtime="20220212 15:37:56.709"/>
</kw>
<kw name="Element Should Contain" library="SeleniumLibrary">
<arg>//div[contains(text(),'Invalid')]</arg>
<arg>${expected_error}</arg>
<doc>Verifies that element ``locator`` contains text ``expected``.</doc>
<msg timestamp="20220212 15:37:56.774" level="INFO">Element '//div[contains(text(),'Invalid')]' contains text 'Invalid username or password'.</msg>
<status status="PASS" starttime="20220212 15:37:56.709" endtime="20220212 15:37:56.774"/>
</kw>
<status status="PASS" starttime="20220212 15:37:54.459" endtime="20220212 15:37:56.774"/>
</kw>
<kw name="End Browser" library="common_functionality" type="TEARDOWN">
<kw name="Close Browser" library="SeleniumLibrary">
<doc>Closes the current browser.</doc>
<status status="PASS" starttime="20220212 15:37:56.776" endtime="20220212 15:37:59.003"/>
</kw>
<status status="PASS" starttime="20220212 15:37:56.776" endtime="20220212 15:37:59.003"/>
</kw>
<status status="PASS" starttime="20220212 15:37:44.829" endtime="20220212 15:37:59.003"/>
</test>
<test id="s1-s1-s1-t4" name="TC4">
<kw name="Launch Browser" library="common_functionality" type="SETUP">
<kw name="Set Local Variable" library="BuiltIn">
<arg>${driver_path}</arg>
<arg>msedgedriver.exe</arg>
<doc>Makes a variable available everywhere within the local scope.</doc>
<msg timestamp="20220212 15:37:59.010" level="INFO">${driver_path} = msedgedriver.exe</msg>
<status status="PASS" starttime="20220212 15:37:59.007" endtime="20220212 15:37:59.010"/>
</kw>
<if>
<branch type="IF" condition="'${BROWSER_NAME}' == 'firefox'">
<kw name="Set Local Variable" library="BuiltIn">
<arg>${driver_path}</arg>
<arg>geckodriver</arg>
<doc>Makes a variable available everywhere within the local scope.</doc>
<status status="NOT RUN" starttime="20220212 15:37:59.011" endtime="20220212 15:37:59.011"/>
</kw>
<status status="NOT RUN" starttime="20220212 15:37:59.011" endtime="20220212 15:37:59.011"/>
</branch>
<branch type="ELSE IF" condition="'${BROWSER_NAME}' == 'chrome'">
<kw name="Set Local Variable" library="BuiltIn">
<arg>${driver_path}</arg>
<arg>chromedriver</arg>
<doc>Makes a variable available everywhere within the local scope.</doc>
<status status="NOT RUN" starttime="20220212 15:37:59.012" endtime="20220212 15:37:59.012"/>
</kw>
<status status="NOT RUN" starttime="20220212 15:37:59.012" endtime="20220212 15:37:59.012"/>
</branch>
<branch type="ELSE IF" condition="'${BROWSER_NAME}' == 'safari'">
<kw name="Set Local Variable" library="BuiltIn">
<arg>${driver_path}</arg>
<arg>safaridriver</arg>
<doc>Makes a variable available everywhere within the local scope.</doc>
<status status="NOT RUN" starttime="20220212 15:37:59.013" endtime="20220212 15:37:59.013"/>
</kw>
<status status="NOT RUN" starttime="20220212 15:37:59.013" endtime="20220212 15:37:59.014"/>
</branch>
<status status="PASS" starttime="20220212 15:37:59.010" endtime="20220212 15:37:59.014"/>
</if>
<kw name="Open Browser" library="SeleniumLibrary">
<arg>browser=${BROWSER_NAME}</arg>
<arg>executable_path=${EXECDIR}${/}drivers${/}${driver_path}</arg>
<doc>Opens a new browser instance to the optional ``url``.</doc>
<msg timestamp="20220212 15:37:59.016" level="INFO">Opening browser 'edge' to base url 'None'.</msg>
<status status="PASS" starttime="20220212 15:37:59.014" endtime="20220212 15:38:00.562"/>
</kw>
<kw name="Maximize Browser Window" library="SeleniumLibrary">
<doc>Maximizes current browser window.</doc>
<status status="PASS" starttime="20220212 15:38:00.562" endtime="20220212 15:38:00.699"/>
</kw>
<kw name="Set Selenium Implicit Wait" library="SeleniumLibrary">
<arg>30s</arg>
<doc>Sets the implicit wait value used by Selenium.</doc>
<status status="PASS" starttime="20220212 15:38:00.699" endtime="20220212 15:38:00.702"/>
</kw>
<kw name="Set Screenshot Directory" library="SeleniumLibrary">
<arg>${EXECDIR}${/}screenshot</arg>
<doc>Sets the directory for captured screenshots.</doc>
<status status="PASS" starttime="20220212 15:38:00.702" endtime="20220212 15:38:00.703"/>
</kw>
<kw name="Go To" library="SeleniumLibrary">
<arg>url=${URL}</arg>
<doc>Navigates the current browser window to the provided ``url``.</doc>
<msg timestamp="20220212 15:38:00.704" level="INFO">Opening url 'https://demo.openemr.io/b/openemr'</msg>
<status status="PASS" starttime="20220212 15:38:00.704" endtime="20220212 15:38:09.405"/>
</kw>
<status status="PASS" starttime="20220212 15:37:59.006" endtime="20220212 15:38:09.405"/>
</kw>
<kw name="Verify Invalid Credential Template">
<arg>peter</arg>
<arg>${EMPTY}</arg>
<arg>Greek</arg>
<arg>Invalid username or password</arg>
<kw name="Input Text" library="SeleniumLibrary">
<arg>id=authUser</arg>
<arg>${username}</arg>
<doc>Types the given ``text`` into the text field identified by ``locator``.</doc>
<msg timestamp="20220212 15:38:09.410" level="INFO">Typing text 'peter' into text field 'id=authUser'.</msg>
<status status="PASS" starttime="20220212 15:38:09.409" endtime="20220212 15:38:09.564"/>
</kw>
<kw name="Input Password" library="SeleniumLibrary">
<arg>id=clearPass</arg>
<arg>${password}</arg>
<doc>Types the given password into the text field identified by ``locator``.</doc>
<msg timestamp="20220212 15:38:09.564" level="INFO">Typing password into text field 'id=clearPass'.</msg>
<msg timestamp="20220212 15:38:09.670" level="INFO">Temporally setting log level to: NONE</msg>
<msg timestamp="20220212 15:38:09.799" level="INFO">Log level changed from NONE to INFO.</msg>
<status status="PASS" starttime="20220212 15:38:09.564" endtime="20220212 15:38:09.801"/>
</kw>
<kw name="Select From List By Label" library="SeleniumLibrary">
<arg>name=languageChoice</arg>
<arg>${language}</arg>
<doc>Selects options from selection list ``locator`` by ``labels``.</doc>
<msg timestamp="20220212 15:38:09.802" level="INFO">Selecting options from selection list 'name=languageChoice' by label Greek.</msg>
<status status="PASS" starttime="20220212 15:38:09.801" endtime="20220212 15:38:10.042"/>
</kw>
<kw name="Click Element" library="SeleniumLibrary">
<arg>xpath=//button[@type='submit']</arg>
<doc>Click the element identified by ``locator``.</doc>
<msg timestamp="20220212 15:38:10.044" level="INFO">Clicking element 'xpath=//button[@type='submit']'.</msg>
<status status="PASS" starttime="20220212 15:38:10.043" endtime="20220212 15:38:12.023"/>
</kw>
<kw name="Element Should Contain" library="SeleniumLibrary">
<arg>//div[contains(text(),'Invalid')]</arg>
<arg>${expected_error}</arg>
<doc>Verifies that element ``locator`` contains text ``expected``.</doc>
<msg timestamp="20220212 15:38:12.098" level="INFO">Element '//div[contains(text(),'Invalid')]' contains text 'Invalid username or password'.</msg>
<status status="PASS" starttime="20220212 15:38:12.023" endtime="20220212 15:38:12.098"/>
</kw>
<status status="PASS" starttime="20220212 15:38:09.406" endtime="20220212 15:38:12.098"/>
</kw>
<kw name="End Browser" library="common_functionality" type="TEARDOWN">
<kw name="Close Browser" library="SeleniumLibrary">
<doc>Closes the current browser.</doc>
<status status="PASS" starttime="20220212 15:38:12.100" endtime="20220212 15:38:14.360"/>
</kw>
<status status="PASS" starttime="20220212 15:38:12.099" endtime="20220212 15:38:14.360"/>
</kw>
<status status="PASS" starttime="20220212 15:37:59.005" endtime="20220212 15:38:14.361"/>
</test>
<doc>This suit file handles all the test case related to the
invalid credentials</doc>
<status status="PASS" starttime="20220212 15:37:13.915" endtime="20220212 15:38:14.363"/>
</suite>
<status status="PASS" starttime="20220212 15:37:13.913" endtime="20220212 15:38:14.371"/>
</suite>
<status status="PASS" starttime="20220212 15:37:13.880" endtime="20220212 15:38:14.375"/>
</suite>
<statistics>
<total>
<stat pass="4" fail="0" skip="0">All Tests</stat>
</total>
<tag>
</tag>
<suite>
<stat pass="4" fail="0" skip="0" id="s1" name="Robot Framework">Robot Framework</stat>
<stat pass="4" fail="0" skip="0" id="s1-s1" name="Login Suite">Robot Framework.Login Suite</stat>
<stat pass="4" fail="0" skip="0" id="s1-s1-s1" name="Verify Invalid Credential Suite">Robot Framework.Login Suite.Verify Invalid Credential Suite</stat>
</suite>
</statistics>
<errors>
</errors>
</robot>
