<?xml version="1.0" encoding="UTF-8"?>
<robot generator="Robot 4.1.3 (Python 3.10.2 on win32)" generated="20220212 16:20:18.093" rpa="false" schemaversion="2">
<suite id="s1" name="Robot Framework" source="C:\Users\user\Desktop\robot_framework">
<suite id="s1-s1" name="Patient Suite" source="C:\Users\user\Desktop\robot_framework\patient_suite">
<suite id="s1-s1-s1" name="Verify Add Patient Suite" source="C:\Users\user\Desktop\robot_framework\patient_suite\verify_add_patient_suite.robot">
<test id="s1-s1-s1-t1" name="TC1">
<kw name="Launch Browser" library="common_functionality" type="SETUP">
<kw name="Set Local Variable" library="BuiltIn">
<arg>${driver_path}</arg>
<arg>msedgedriver.exe</arg>
<doc>Makes a variable available everywhere within the local scope.</doc>
<msg timestamp="20220212 16:20:18.459" level="INFO">${driver_path} = msedgedriver.exe</msg>
<status status="PASS" starttime="20220212 16:20:18.457" endtime="20220212 16:20:18.459"/>
</kw>
<if>
<branch type="IF" condition="'${BROWSER_NAME}' == 'firefox'">
<kw name="Set Local Variable" library="BuiltIn">
<arg>${driver_path}</arg>
<arg>geckodriver</arg>
<doc>Makes a variable available everywhere within the local scope.</doc>
<status status="NOT RUN" starttime="20220212 16:20:18.460" endtime="20220212 16:20:18.460"/>
</kw>
<status status="NOT RUN" starttime="20220212 16:20:18.459" endtime="20220212 16:20:18.460"/>
</branch>
<branch type="ELSE IF" condition="'${BROWSER_NAME}' == 'chrome'">
<kw name="Set Local Variable" library="BuiltIn">
<arg>${driver_path}</arg>
<arg>chromedriver</arg>
<doc>Makes a variable available everywhere within the local scope.</doc>
<status status="NOT RUN" starttime="20220212 16:20:18.460" endtime="20220212 16:20:18.460"/>
</kw>
<status status="NOT RUN" starttime="20220212 16:20:18.460" endtime="20220212 16:20:18.460"/>
</branch>
<branch type="ELSE IF" condition="'${BROWSER_NAME}' == 'safari'">
<kw name="Set Local Variable" library="BuiltIn">
<arg>${driver_path}</arg>
<arg>safaridriver</arg>
<doc>Makes a variable available everywhere within the local scope.</doc>
<status status="NOT RUN" starttime="20220212 16:20:18.461" endtime="20220212 16:20:18.461"/>
</kw>
<status status="NOT RUN" starttime="20220212 16:20:18.460" endtime="20220212 16:20:18.461"/>
</branch>
<status status="PASS" starttime="20220212 16:20:18.459" endtime="20220212 16:20:18.461"/>
</if>
<kw name="Open Browser" library="SeleniumLibrary">
<arg>browser=${BROWSER_NAME}</arg>
<arg>executable_path=${EXECDIR}${/}drivers${/}${driver_path}</arg>
<doc>Opens a new browser instance to the optional ``url``.</doc>
<msg timestamp="20220212 16:20:18.462" level="INFO">Opening browser 'edge' to base url 'None'.</msg>
<status status="PASS" starttime="20220212 16:20:18.461" endtime="20220212 16:20:22.050"/>
</kw>
<kw name="Maximize Browser Window" library="SeleniumLibrary">
<doc>Maximizes current browser window.</doc>
<status status="PASS" starttime="20220212 16:20:22.050" endtime="20220212 16:20:22.171"/>
</kw>
<kw name="Set Selenium Implicit Wait" library="SeleniumLibrary">
<arg>30s</arg>
<doc>Sets the implicit wait value used by Selenium.</doc>
<status status="PASS" starttime="20220212 16:20:22.171" endtime="20220212 16:20:22.174"/>
</kw>
<kw name="Set Screenshot Directory" library="SeleniumLibrary">
<arg>${EXECDIR}${/}screenshot</arg>
<doc>Sets the directory for captured screenshots.</doc>
<status status="PASS" starttime="20220212 16:20:22.175" endtime="20220212 16:20:22.176"/>
</kw>
<kw name="Go To" library="SeleniumLibrary">
<arg>url=${URL}</arg>
<doc>Navigates the current browser window to the provided ``url``.</doc>
<msg timestamp="20220212 16:20:22.176" level="INFO">Opening url 'https://demo.openemr.io/b/openemr'</msg>
<status status="PASS" starttime="20220212 16:20:22.176" endtime="20220212 16:20:55.453"/>
</kw>
<status status="PASS" starttime="20220212 16:20:18.457" endtime="20220212 16:20:55.454"/>
</kw>
<kw name="Patient Verify Credential Template">
<arg>admin</arg>
<arg>pass</arg>
<arg>English (Indian)</arg>
<arg>OpenEMR</arg>
<arg>Harsha</arg>
<arg>Chopda</arg>
<arg>1995-10-10</arg>
<arg>Female</arg>
<kw name="Input Text" library="SeleniumLibrary">
<arg>id=authUser</arg>
<arg>${username}</arg>
<doc>Types the given ``text`` into the text field identified by ``locator``.</doc>
<msg timestamp="20220212 16:20:55.457" level="INFO">Typing text 'admin' into text field 'id=authUser'.</msg>
<status status="PASS" starttime="20220212 16:20:55.456" endtime="20220212 16:20:55.780"/>
</kw>
<kw name="Input Password" library="SeleniumLibrary">
<arg>id=clearPass</arg>
<arg>${password}</arg>
<doc>Types the given password into the text field identified by ``locator``.</doc>
<msg timestamp="20220212 16:20:55.780" level="INFO">Typing password into text field 'id=clearPass'.</msg>
<msg timestamp="20220212 16:20:55.817" level="INFO">Temporally setting log level to: NONE</msg>
<msg timestamp="20220212 16:20:55.860" level="INFO">Log level changed from NONE to INFO.</msg>
<status status="PASS" starttime="20220212 16:20:55.780" endtime="20220212 16:20:55.860"/>
</kw>
<kw name="Select From List By Label" library="SeleniumLibrary">
<arg>name=languageChoice</arg>
<arg>${language}</arg>
<doc>Selects options from selection list ``locator`` by ``labels``.</doc>
<msg timestamp="20220212 16:20:55.861" level="INFO">Selecting options from selection list 'name=languageChoice' by label English (Indian).</msg>
<status status="PASS" starttime="20220212 16:20:55.860" endtime="20220212 16:20:55.921"/>
</kw>
<kw name="Click Element" library="SeleniumLibrary">
<arg>xpath=//button[@type='submit']</arg>
<doc>Click the element identified by ``locator``.</doc>
<msg timestamp="20220212 16:20:55.921" level="INFO">Clicking element 'xpath=//button[@type='submit']'.</msg>
<status status="PASS" starttime="20220212 16:20:55.921" endtime="20220212 16:21:04.760"/>
</kw>
<kw name="Title Should Be" library="SeleniumLibrary">
<arg>${expected_title}</arg>
<doc>Verifies that the current page title equals ``title``.</doc>
<msg timestamp="20220212 16:21:04.765" level="INFO">Page title is 'OpenEMR'.</msg>
<status status="PASS" starttime="20220212 16:21:04.760" endtime="20220212 16:21:04.765"/>
</kw>
<kw name="Mouse Over" library="SeleniumLibrary">
<arg>xpath=//div[@data-bind='text:label']</arg>
<doc>Simulates hovering the mouse over the element ``locator``.</doc>
<msg timestamp="20220212 16:21:04.765" level="INFO">Simulating Mouse Over on element 'xpath=//div[@data-bind='text:label']'.</msg>
<status status="PASS" starttime="20220212 16:21:04.765" endtime="20220212 16:21:05.126"/>
</kw>
<kw name="Click Element" library="SeleniumLibrary">
<arg>link=Patients</arg>
<doc>Click the element identified by ``locator``.</doc>
<msg timestamp="20220212 16:21:05.127" level="INFO">Clicking element 'link=Patients'.</msg>
<msg timestamp="20220212 16:21:35.383" level="INFO" html="true">&lt;/td&gt;&lt;/tr&gt;&lt;tr&gt;&lt;td colspan="3"&gt;&lt;a href="screenshot/selenium-screenshot-2.png"&gt;&lt;img src="screenshot/selenium-screenshot-2.png" width="800px"&gt;&lt;/a&gt;</msg>
<msg timestamp="20220212 16:21:35.498" level="FAIL">Element with locator 'link=Patients' not found.</msg>
<status status="FAIL" starttime="20220212 16:21:05.127" endtime="20220212 16:21:35.498"/>
</kw>
<kw name="Click Element" library="SeleniumLibrary">
<arg>id=create_patient_btn1</arg>
<doc>Click the element identified by ``locator``.</doc>
<status status="NOT RUN" starttime="20220212 16:21:35.499" endtime="20220212 16:21:35.499"/>
</kw>
<kw name="Select From List By Label" library="SeleniumLibrary">
<arg>id=form_title</arg>
<arg>Ms.</arg>
<doc>Selects options from selection list ``locator`` by ``labels``.</doc>
<status status="NOT RUN" starttime="20220212 16:21:35.500" endtime="20220212 16:21:35.500"/>
</kw>
<kw name="Input Text" library="SeleniumLibrary">
<arg>id=form_fname</arg>
<arg>${fname}</arg>
<doc>Types the given ``text`` into the text field identified by ``locator``.</doc>
<status status="NOT RUN" starttime="20220212 16:21:35.500" endtime="20220212 16:21:35.500"/>
</kw>
<kw name="Input Text" library="SeleniumLibrary">
<arg>id=form_lname</arg>
<arg>${lname}</arg>
<doc>Types the given ``text`` into the text field identified by ``locator``.</doc>
<status status="NOT RUN" starttime="20220212 16:21:35.501" endtime="20220212 16:21:35.501"/>
</kw>
<kw name="Input Text" library="SeleniumLibrary">
<arg>id=form_DOB</arg>
<arg>${dob}</arg>
<doc>Types the given ``text`` into the text field identified by ``locator``.</doc>
<status status="NOT RUN" starttime="20220212 16:21:35.501" endtime="20220212 16:21:35.501"/>
</kw>
<kw name="Select From List By Label" library="SeleniumLibrary">
<arg>id=form_sex</arg>
<arg>${fs}</arg>
<doc>Selects options from selection list ``locator`` by ``labels``.</doc>
<status status="NOT RUN" starttime="20220212 16:21:35.502" endtime="20220212 16:21:35.502"/>
</kw>
<kw name="Click Element" library="SeleniumLibrary">
<arg>id=create</arg>
<doc>Click the element identified by ``locator``.</doc>
<status status="NOT RUN" starttime="20220212 16:21:35.502" endtime="20220212 16:21:35.502"/>
</kw>
<kw name="Mouse Down" library="SeleniumLibrary">
<arg>xpath=//input[@type='button']</arg>
<doc>Simulates pressing the left mouse button on the element ``locator``.</doc>
<status status="NOT RUN" starttime="20220212 16:21:35.502" endtime="20220212 16:21:35.503"/>
</kw>
<kw name="Handle Alert" library="SeleniumLibrary">
<var>${alert_text}</var>
<arg>action=Accept</arg>
<arg>timeout=20s</arg>
<doc>Handles the current alert and returns its message.</doc>
<status status="NOT RUN" starttime="20220212 16:21:35.503" endtime="20220212 16:21:35.503"/>
</kw>
<kw name="Log To Console" library="BuiltIn">
<arg>${alert_text}</arg>
<doc>Logs the given message to the console.</doc>
<status status="NOT RUN" starttime="20220212 16:21:35.503" endtime="20220212 16:21:35.504"/>
</kw>
<status status="FAIL" starttime="20220212 16:20:55.455" endtime="20220212 16:21:35.505"/>
</kw>
<kw name="End Browser" library="common_functionality" type="TEARDOWN">
<kw name="Close Browser" library="SeleniumLibrary">
<doc>Closes the current browser.</doc>
<status status="PASS" starttime="20220212 16:21:35.508" endtime="20220212 16:21:38.183"/>
</kw>
<status status="PASS" starttime="20220212 16:21:35.506" endtime="20220212 16:21:38.184"/>
</kw>
<status status="FAIL" starttime="20220212 16:20:18.455" endtime="20220212 16:21:38.184">Element with locator 'link=Patients' not found.</status>
</test>
<doc>this file contains adding new patients and verifing it</doc>
<status status="FAIL" starttime="20220212 16:20:18.128" endtime="20220212 16:21:38.187"/>
</suite>
<status status="FAIL" starttime="20220212 16:20:18.126" endtime="20220212 16:21:38.192"/>
</suite>
<status status="FAIL" starttime="20220212 16:20:18.095" endtime="20220212 16:21:38.195"/>
</suite>
<statistics>
<total>
<stat pass="0" fail="1" skip="0">All Tests</stat>
</total>
<tag>
</tag>
<suite>
<stat pass="0" fail="1" skip="0" id="s1" name="Robot Framework">Robot Framework</stat>
<stat pass="0" fail="1" skip="0" id="s1-s1" name="Patient Suite">Robot Framework.Patient Suite</stat>
<stat pass="0" fail="1" skip="0" id="s1-s1-s1" name="Verify Add Patient Suite">Robot Framework.Patient Suite.Verify Add Patient Suite</stat>
</suite>
</statistics>
<errors>
</errors>
</robot>
