<?xml version="1.0" encoding="UTF-8"?>
<robot generator="Robot 4.1.3 (Python 3.10.2 on win32)" generated="20220211 16:09:47.835" rpa="false" schemaversion="2">
<suite id="s1" name="Robot Framework" source="C:\Users\user\Desktop\robot_framework">
<suite id="s1-s1" name="Login Suite" source="C:\Users\user\Desktop\robot_framework\login_suite">
<suite id="s1-s1-s1" name="Verify Valid Credential Suite" source="C:\Users\user\Desktop\robot_framework\login_suite\verify_valid_credential_suite.robot">
<test id="s1-s1-s1-t1" name="Verify Valid Credentials Test">
<kw name="Open Browser" library="SeleniumLibrary">
<arg>browser=edge</arg>
<arg>executable_path=${EXECDIR}${/}drivers${/}msedgedriver.exe</arg>
<doc>Opens a new browser instance to the optional ``url``.</doc>
<msg timestamp="20220211 16:09:52.779" level="INFO">Opening browser 'edge' to base url 'None'.</msg>
<status status="PASS" starttime="20220211 16:09:52.778" endtime="20220211 16:10:09.851"/>
</kw>
<kw name="Maximize Browser Window" library="SeleniumLibrary">
<doc>Maximizes current browser window.</doc>
<status status="PASS" starttime="20220211 16:10:09.852" endtime="20220211 16:10:10.043"/>
</kw>
<kw name="Set Selenium Implicit Wait" library="SeleniumLibrary">
<arg>30s</arg>
<doc>Sets the implicit wait value used by Selenium.</doc>
<status status="PASS" starttime="20220211 16:10:10.044" endtime="20220211 16:10:10.050"/>
</kw>
<kw name="Go To" library="SeleniumLibrary">
<arg>url=https://demo.openemr.io/b/openemr/</arg>
<doc>Navigates the current browser window to the provided ``url``.</doc>
<msg timestamp="20220211 16:10:10.051" level="INFO">Opening url 'https://demo.openemr.io/b/openemr/'</msg>
<status status="PASS" starttime="20220211 16:10:10.050" endtime="20220211 16:10:18.264"/>
</kw>
<kw name="Input Text" library="SeleniumLibrary">
<arg>id=authUser</arg>
<arg>admin=123</arg>
<doc>Types the given ``text`` into the text field identified by ``locator``.</doc>
<msg timestamp="20220211 16:10:18.266" level="INFO">Typing text 'admin=123' into text field 'id=authUser'.</msg>
<status status="PASS" starttime="20220211 16:10:18.264" endtime="20220211 16:10:18.447"/>
</kw>
<kw name="Input Password" library="SeleniumLibrary">
<arg>id=clearPass</arg>
<arg>pass</arg>
<doc>Types the given password into the text field identified by ``locator``.</doc>
<msg timestamp="20220211 16:10:18.447" level="INFO">Typing password into text field 'id=clearPass'.</msg>
<msg timestamp="20220211 16:10:18.521" level="INFO">Temporally setting log level to: NONE</msg>
<msg timestamp="20220211 16:10:18.668" level="INFO">Log level changed from NONE to INFO.</msg>
<status status="PASS" starttime="20220211 16:10:18.447" endtime="20220211 16:10:18.668"/>
</kw>
<kw name="Select From List By Label" library="SeleniumLibrary">
<arg>name=languageChoice</arg>
<arg>English (Indian)</arg>
<doc>Selects options from selection list ``locator`` by ``labels``.</doc>
<msg timestamp="20220211 16:10:18.668" level="INFO">Selecting options from selection list 'name=languageChoice' by label English (Indian).</msg>
<status status="PASS" starttime="20220211 16:10:18.668" endtime="20220211 16:10:18.785"/>
</kw>
<kw name="Click Element" library="SeleniumLibrary">
<arg>xpath=//button[@type='submit']</arg>
<doc>Click the element identified by ``locator``.</doc>
<msg timestamp="20220211 16:10:18.785" level="INFO">Clicking element 'xpath=//button[@type='submit']'.</msg>
<status status="PASS" starttime="20220211 16:10:18.785" endtime="20220211 16:10:20.308"/>
</kw>
<kw name="Title Should Be" library="SeleniumLibrary">
<arg>OpenEMR Login</arg>
<doc>Verifies that the current page title equals ``title``.</doc>
<msg timestamp="20220211 16:10:20.327" level="INFO">Page title is 'OpenEMR Login'.</msg>
<status status="PASS" starttime="20220211 16:10:20.308" endtime="20220211 16:10:20.328"/>
</kw>
<kw name="Close Browser" library="SeleniumLibrary">
<doc>Closes the current browser.</doc>
<status status="PASS" starttime="20220211 16:10:20.328" endtime="20220211 16:10:22.904"/>
</kw>
<status status="PASS" starttime="20220211 16:09:52.777" endtime="20220211 16:10:22.905"/>
</test>
<status status="PASS" starttime="20220211 16:09:48.284" endtime="20220211 16:10:22.908"/>
</suite>
<status status="PASS" starttime="20220211 16:09:48.276" endtime="20220211 16:10:22.913"/>
</suite>
<status status="PASS" starttime="20220211 16:09:47.880" endtime="20220211 16:10:22.917"/>
</suite>
<statistics>
<total>
<stat pass="1" fail="0" skip="0">All Tests</stat>
</total>
<tag>
</tag>
<suite>
<stat pass="1" fail="0" skip="0" id="s1" name="Robot Framework">Robot Framework</stat>
<stat pass="1" fail="0" skip="0" id="s1-s1" name="Login Suite">Robot Framework.Login Suite</stat>
<stat pass="1" fail="0" skip="0" id="s1-s1-s1" name="Verify Valid Credential Suite">Robot Framework.Login Suite.Verify Valid Credential Suite</stat>
</suite>
</statistics>
<errors>
</errors>
</robot>
