<?xml version="1.0" encoding="UTF-8"?>
<robot generator="Robot 4.1.3 (Python 3.10.2 on win32)" generated="20220211 17:08:11.014" rpa="false" schemaversion="2">
<suite id="s1" name="Robot Framework" source="C:\Users\user\Desktop\robot_framework">
<suite id="s1-s1" name="Login Suite" source="C:\Users\user\Desktop\robot_framework\login_suite">
<suite id="s1-s1-s1" name="Verify Invalid Credential Suite" source="C:\Users\user\Desktop\robot_framework\login_suite\verify_invalid_credential_suite.robot">
<test id="s1-s1-s1-t1" name="Verify Valid Credentials Test">
<kw name="Launch Browser" library="common_functionality" type="SETUP">
<kw name="Open Browser" library="SeleniumLibrary">
<arg>browser=edge</arg>
<arg>executable_path=${EXECDIR}${/}drivers${/}msedgedriver.exe</arg>
<doc>Opens a new browser instance to the optional ``url``.</doc>
<msg timestamp="20220211 17:08:14.254" level="INFO">Opening browser 'edge' to base url 'None'.</msg>
<status status="PASS" starttime="20220211 17:08:14.253" endtime="20220211 17:08:27.081"/>
</kw>
<kw name="Maximize Browser Window" library="SeleniumLibrary">
<doc>Maximizes current browser window.</doc>
<status status="PASS" starttime="20220211 17:08:27.082" endtime="20220211 17:08:27.228"/>
</kw>
<kw name="Set Selenium Implicit Wait" library="SeleniumLibrary">
<arg>20s</arg>
<doc>Sets the implicit wait value used by Selenium.</doc>
<status status="PASS" starttime="20220211 17:08:27.229" endtime="20220211 17:08:27.234"/>
</kw>
<kw name="Go To" library="SeleniumLibrary">
<arg>url=https://demo.openemr.io/b/openemr</arg>
<doc>Navigates the current browser window to the provided ``url``.</doc>
<msg timestamp="20220211 17:08:27.236" level="INFO">Opening url 'https://demo.openemr.io/b/openemr'</msg>
<status status="PASS" starttime="20220211 17:08:27.236" endtime="20220211 17:08:33.047"/>
</kw>
<status status="PASS" starttime="20220211 17:08:14.252" endtime="20220211 17:08:33.047"/>
</kw>
<kw name="Input Text" library="SeleniumLibrary">
<arg>id=authUser</arg>
<arg>Mark</arg>
<doc>Types the given ``text`` into the text field identified by ``locator``.</doc>
<msg timestamp="20220211 17:08:33.048" level="INFO">Typing text 'Mark' into text field 'id=authUser'.</msg>
<status status="PASS" starttime="20220211 17:08:33.048" endtime="20220211 17:08:33.148"/>
</kw>
<kw name="Input Password" library="SeleniumLibrary">
<arg>id=clearPass</arg>
<arg>Mark123</arg>
<doc>Types the given password into the text field identified by ``locator``.</doc>
<msg timestamp="20220211 17:08:33.149" level="INFO">Typing password into text field 'id=clearPass'.</msg>
<msg timestamp="20220211 17:08:33.239" level="INFO">Temporally setting log level to: NONE</msg>
<msg timestamp="20220211 17:08:33.384" level="INFO">Log level changed from NONE to INFO.</msg>
<status status="PASS" starttime="20220211 17:08:33.149" endtime="20220211 17:08:33.384"/>
</kw>
<kw name="Select From List By Label" library="SeleniumLibrary">
<arg>name=languageChoice</arg>
<arg>Greek</arg>
<doc>Selects options from selection list ``locator`` by ``labels``.</doc>
<msg timestamp="20220211 17:08:33.385" level="INFO">Selecting options from selection list 'name=languageChoice' by label Greek.</msg>
<status status="PASS" starttime="20220211 17:08:33.384" endtime="20220211 17:08:33.623"/>
</kw>
<kw name="Click Element" library="SeleniumLibrary">
<arg>xpath=//button[@type='submit']</arg>
<doc>Click the element identified by ``locator``.</doc>
<msg timestamp="20220211 17:08:33.625" level="INFO">Clicking element 'xpath=//button[@type='submit']'.</msg>
<status status="PASS" starttime="20220211 17:08:33.624" endtime="20220211 17:08:35.262"/>
</kw>
<kw name="Element Should Contain" library="SeleniumLibrary">
<arg>//div[contains(text(),'Invalid')]</arg>
<arg>Invalid username or password</arg>
<doc>Verifies that element ``locator`` contains text ``expected``.</doc>
<msg timestamp="20220211 17:08:35.331" level="INFO">Element '//div[contains(text(),'Invalid')]' contains text 'Invalid username or password'.</msg>
<status status="PASS" starttime="20220211 17:08:35.262" endtime="20220211 17:08:35.332"/>
</kw>
<kw name="End Browser" library="common_functionality" type="TEARDOWN">
<kw name="Capture Page Screenshot" library="SeleniumLibrary">
<doc>Takes a screenshot of the current page and embeds it into a log file.</doc>
<msg timestamp="20220211 17:08:35.822" level="INFO" html="true">&lt;/td&gt;&lt;/tr&gt;&lt;tr&gt;&lt;td colspan="3"&gt;&lt;a href="selenium-screenshot-9.png"&gt;&lt;img src="selenium-screenshot-9.png" width="800px"&gt;&lt;/a&gt;</msg>
<status status="PASS" starttime="20220211 17:08:35.333" endtime="20220211 17:08:35.822"/>
</kw>
<kw name="Close Browser" library="SeleniumLibrary">
<doc>Closes the current browser.</doc>
<status status="PASS" starttime="20220211 17:08:35.823" endtime="20220211 17:08:38.194"/>
</kw>
<status status="PASS" starttime="20220211 17:08:35.332" endtime="20220211 17:08:38.195"/>
</kw>
<status status="PASS" starttime="20220211 17:08:14.252" endtime="20220211 17:08:38.195"/>
</test>
<doc>This suit file handles all the test case related to the
valid credentials</doc>
<status status="PASS" starttime="20220211 17:08:11.180" endtime="20220211 17:08:38.197"/>
</suite>
<status status="PASS" starttime="20220211 17:08:11.175" endtime="20220211 17:08:38.202"/>
</suite>
<status status="PASS" starttime="20220211 17:08:11.019" endtime="20220211 17:08:38.206"/>
</suite>
<statistics>
<total>
<stat pass="1" fail="0" skip="0">All Tests</stat>
</total>
<tag>
</tag>
<suite>
<stat pass="1" fail="0" skip="0" id="s1" name="Robot Framework">Robot Framework</stat>
<stat pass="1" fail="0" skip="0" id="s1-s1" name="Login Suite">Robot Framework.Login Suite</stat>
<stat pass="1" fail="0" skip="0" id="s1-s1-s1" name="Verify Invalid Credential Suite">Robot Framework.Login Suite.Verify Invalid Credential Suite</stat>
</suite>
</statistics>
<errors>
</errors>
</robot>
